<?xml version="1.0" encoding="UTF-8"?>
<!-- Generated by org.testng.reporters.JUnitXMLReporter -->
<testsuite ignored="0" hostname="MARU" failures="11" tests="144" name="Surefire test" time="59.639" errors="0" timestamp="2022-12-13T09:13:55 ART">
  <testcase classname="Tests.AUserTests.ARegisterTests" name="registerOk" time="6.039"/>
  <testcase classname="Tests.AUserTests.ARegisterTests" name="registerHeaders" time="0.275"/>
  <testcase classname="Tests.AUserTests.ARegisterTests" name="registerOkStatusCode" time="0.442"/>
  <testcase classname="Tests.AUserTests.ARegisterTests" name="registerOkContentType" time="0.28"/>
  <testcase classname="Tests.AUserTests.ARegisterTests" name="registerRandomUser" time="0.867"/>
  <testcase classname="Tests.AUserTests.ARegisterTests" name="registerRandomUser2" time="0.391"/>
  <testcase classname="Tests.AUserTests.ARegisterTests" name="registerRandomUser3" time="0.392"/>
  <testcase classname="Tests.AUserTests.ARegisterTests" name="registerWithEmptyFirstName" time="0.052"/>
  <testcase classname="Tests.AUserTests.ARegisterTests" name="registerWithEmptyLastName" time="0.031"/>
  <testcase classname="Tests.AUserTests.ARegisterTests" name="registerWithEmptyDni" time="0.042"/>
  <testcase classname="Tests.AUserTests.ARegisterTests" name="registerWithEmptyEmail" time="0.047"/>
  <testcase classname="Tests.AUserTests.ARegisterTests" name="registerWithEmptyUsername" time="0.068"/>
  <testcase classname="Tests.AUserTests.ARegisterTests" name="registerWithEmptyPassword" time="0.027"/>
  <testcase classname="Tests.AUserTests.ARegisterTests" name="registerWithEmptyPhoneNumber" time="0.037"/>
  <testcase classname="Tests.AUserTests.ARegisterTests" name="registerWithEmptyUser" time="0.046"/>
  <testcase classname="Tests.AUserTests.ARegisterTests" name="registerWithoutFirstName" time="0.047"/>
  <testcase classname="Tests.AUserTests.ARegisterTests" name="registerWithoutLastName" time="0.031"/>
  <testcase classname="Tests.AUserTests.ARegisterTests" name="registerWithoutDni" time="0.029"/>
  <testcase classname="Tests.AUserTests.ARegisterTests" name="registerWithoutEmail" time="0.084"/>
  <testcase classname="Tests.AUserTests.ARegisterTests" name="registerWithoutUsername" time="0.038"/>
  <testcase classname="Tests.AUserTests.ARegisterTests" name="registerWithoutPhoneNumber" time="0.031"/>
  <testcase classname="Tests.AUserTests.ARegisterTests" name="registerWithoutPassword" time="0.053"/>
  <testcase classname="Tests.AUserTests.ARegisterTests" name="registerWithNullFirstName" time="0.068"/>
  <testcase classname="Tests.AUserTests.ARegisterTests" name="registerWithNullLastName" time="0.048"/>
  <testcase classname="Tests.AUserTests.ARegisterTests" name="registerWithNullDni" time="0.064"/>
  <testcase classname="Tests.AUserTests.ARegisterTests" name="registerWithNullEmail" time="0.029"/>
  <testcase classname="Tests.AUserTests.ARegisterTests" name="registerWithNullUsername" time="0.026"/>
  <testcase classname="Tests.AUserTests.ARegisterTests" name="registerWithNullPhoneNumber" time="0.033"/>
  <testcase classname="Tests.AUserTests.ARegisterTests" name="registerWithNullPassword" time="0.031"/>
  <testcase classname="Tests.AUserTests.ARegisterTests" name="registerWithNullUser" time="0.029"/>
  <testcase classname="Tests.AUserTests.BLoginTests" name="loginOkGetToken" time="0.493"/>
  <testcase classname="Tests.AUserTests.BLoginTests" name="loginOkHeaderToken" time="0.243"/>
  <testcase classname="Tests.AUserTests.BLoginTests" name="loginOkPayloadToken" time="0.193"/>
  <testcase classname="Tests.AUserTests.BLoginTests" name="loginHeaders" time="0.147"/>
  <testcase classname="Tests.AUserTests.BLoginTests" name="loginOkStatusCode" time="1.432"/>
  <testcase classname="Tests.AUserTests.BLoginTests" name="loginOkContentType" time="0.349"/>
  <testcase classname="Tests.AUserTests.BLoginTests" name="failLoginUnregisteredEmail" time="0.034"/>
  <testcase classname="Tests.AUserTests.BLoginTests" name="failLoginUnregisteredPassword" time="0.308"/>
  <testcase classname="Tests.AUserTests.BLoginTests" name="failLoginUnregisteredUser" time="0.022"/>
  <testcase classname="Tests.AUserTests.BLoginTests" name="failLoginEmptyEmail" time="0.02"/>
  <testcase classname="Tests.AUserTests.BLoginTests" name="failLoginNullEmail" time="0.024"/>
  <testcase classname="Tests.AUserTests.BLoginTests" name="failLoginNullUser" time="0.022"/>
  <testcase classname="Tests.AUserTests.BLoginTests" name="failLoginNullPassword" time="0.057"/>
  <testcase classname="Tests.AUserTests.BLoginTests" name="failLoginEmptyPassword" time="0.139"/>
  <testcase classname="Tests.AUserTests.BLoginTests" name="failLoginEmptyUser" time="0.023"/>
  <testcase classname="Tests.AUserTests.BUserTests" name="headersOnGetAllUsersResponse" time="0.339"/>
  <testcase classname="Tests.AUserTests.BUserTests" name="httpStatus200OnGetAllUsers" time="0.064"/>
  <testcase classname="Tests.AUserTests.BUserTests" name="contentTypeOnGetAllUsersResponse" time="0.063"/>
  <testcase classname="Tests.AUserTests.BUserTests" name="fieldsNotEmptyGetAllUsersResponse" time="0.573"/>
  <testcase classname="Tests.AUserTests.BUserTests" name="fieldsNotNullGetAllUsersResponse" time="0.54"/>
  <testcase classname="Tests.AUserTests.BUserTests" name="httpStatus200OnGetUserById" time="0.153"/>
  <testcase classname="Tests.AUserTests.BUserTests" name="OnGetUserByIdWithWrongId" time="0.099"/>
  <testcase classname="Tests.AUserTests.BUserTests" name="GetUserById" time="0.037"/>
  <testcase classname="Tests.AUserTests.BUserTests" name="GetAllUsers" time="0.552"/>
  <testcase classname="Tests.AUserTests.BUserTests" name="contentTypeOnGetUserByIDResponse" time="0.042"/>
  <testcase classname="Tests.AUserTests.BUserTests" name="fieldsNotEmptyGetUserByIDResponse" time="0.054"/>
  <testcase classname="Tests.AUserTests.BUserTests" name="fieldsNotNullGetUserByIDResponse" time="0.033"/>
  <testcase classname="Tests.AUserTests.BUserTests" name="httpStatusWithInvalidToken" time="0.036"/>
  <testcase classname="Tests.AUserTests.BUserTests" name="httpStatusWithEmptyToken" time="0.021"/>
  <testcase classname="Tests.AUserTests.BUserTests" name="patchFirstNameById" time="1.091"/>
  <testcase classname="Tests.AUserTests.BUserTests" name="patchLastNameById" time="0.151"/>
  <testcase classname="Tests.AUserTests.BUserTests" name="patchUsernameById" time="0.779"/>
  <testcase classname="Tests.AUserTests.BUserTests" name="patchPasswordById" time="0.677"/>
  <testcase classname="Tests.AUserTests.BUserTests" name="patchPasswordInvalidToken" time="0.018"/>
  <testcase classname="Tests.AUserTests.BUserTests" name="patchPasswordEmptyToken" time="0.014"/>
  <testcase classname="Tests.AUserTests.BUserTests" name="patchCvuById" time="0.034"/>
  <testcase classname="Tests.AUserTests.BUserTests" name="patchDniAndPhoneById" time="1.959"/>
  <testcase classname="Tests.AUserTests.BUserTests" name="patchLastNameAndPasswordById" time="0.307"/>
  <testcase classname="Tests.AUserTests.CLogoutTests" name="logoutInvalidToken" time="0.039"/>
  <testcase classname="Tests.AUserTests.CLogoutTests" name="logoutEmptyToken" time="0.016"/>
  <testcase classname="Tests.AUserTests.CLogoutTests" name="statusCodeLogout" time="0.405"/>
  <testcase classname="Tests.AUserTests.CLogoutTests" name="fieldsNotEmptyGetAllUsersResponse" time="3.003"/>
  <testcase classname="Tests.BCardsTests.DCardTests" name="postCard" time="4.895"/>
  <testcase classname="Tests.BCardsTests.DCardTests" name="postCardWithEmptyToken" time="0.125"/>
  <testcase classname="Tests.BCardsTests.DCardTests" name="postCardWithInvalidToken" time="0.033"/>
  <testcase classname="Tests.BCardsTests.DCardTests" name="postCardWithEmptyCardNumber" time="0.317"/>
  <testcase classname="Tests.BCardsTests.DCardTests" name="postCardNullOwner" time="1.731"/>
  <testcase classname="Tests.BCardsTests.DCardTests" name="postCardNullExpirationDate" time="0.088"/>
  <testcase classname="Tests.BCardsTests.DCardTests" name="postCardNullSecurityNumber" time="0.088"/>
  <testcase classname="Tests.BCardsTests.DCardTests" name="headersOnGetAllCardsResponse" time="0.146"/>
  <testcase classname="Tests.BCardsTests.DCardTests" name="httpStatus200OnGetAllCards" time="0.191"/>
  <testcase classname="Tests.BCardsTests.DCardTests" name="contentTypeOnGetAllCardsResponse" time="0.228"/>
  <testcase classname="Tests.BCardsTests.DCardTests" name="fieldsNotEmptyGetAllCardsResponse" time="1.041"/>
  <testcase classname="Tests.BCardsTests.DCardTests" name="fieldsNotNullGetAllUsersResponse" time="0.776"/>
  <testcase classname="Tests.BCardsTests.DCardTests" name="httpStatus200OnGetCardById" time="0.105"/>
  <testcase classname="Tests.BCardsTests.DCardTests" name="contentTypeOnGetCardByIDResponse" time="0.077"/>
  <testcase classname="Tests.BCardsTests.DCardTests" name="fieldsNotEmptyGetCardByIDResponse" time="0.049"/>
  <testcase classname="Tests.BCardsTests.DCardTests" name="fieldsNotNullGetCardByIDResponse" time="0.048"/>
  <testcase classname="Tests.BCardsTests.DCardTests" name="putCardById" time="0.115"/>
  <testcase classname="Tests.BCardsTests.DCardTests" name="putCardWithoutAccountIdById" time="0.063"/>
  <testcase classname="Tests.BCardsTests.DCardTests" name="putCardWithoutTypeById" time="0.049"/>
  <testcase classname="Tests.BCardsTests.DCardTests" name="putCardWithEmptyValuesId" time="0.04"/>
  <testcase classname="Tests.BCardsTests.DCardTests" name="postCardWithNullValues" time="0.247"/>
  <testcase classname="Tests.BCardsTests.DCardTests" name="postCardWithoutTypeValue" time="0.085"/>
  <testcase classname="Tests.BCardsTests.DCardTests" name="postCardWithoutAccountIdValue" time="0.143"/>
  <testcase classname="Tests.BCardsTests.DCardTests" name="postCardWithTypeNullValue" time="0.207">
    <failure type="java.lang.AssertionError" message="expected [true] but found [false]">
      <![CDATA[java.lang.AssertionError: expected [true] but found [false]
at Tests.BCardsTests.DCardTests.postCardWithTypeNullValue(DCardTests.java:437)
at java.base/java.util.ArrayList.forEach(ArrayList.java:1511)
... Removed 33 stack frames]]>
    </failure>
  </testcase> <!-- postCardWithTypeNullValue -->
  <testcase classname="Tests.BCardsTests.DCardTests" name="deleteCardByID" time="0.902"/>
  <testcase classname="Tests.BCardsTests.DCardTests" name="postCardWithAccountIdNullValue" time="3.676"/>
  <testcase classname="Tests.BCardsTests.DCardTests" name="deleteCardByInvalidID" time="0.053"/>
  <testcase classname="Tests.BCardsTests.DCardTests" name="deleteCardByInvalidToken" time="0.029"/>
  <testcase classname="Tests.BCardsTests.DCardTests" name="deleteCardByEmptyToken" time="0.025"/>
  <testcase classname="Tests.CAccountTests.EAccountTests" name="statusCodeGetAccountById" time="0.09"/>
  <testcase classname="Tests.CAccountTests.EAccountTests" name="ContentTypeGetAccountById" time="0.136"/>
  <testcase classname="Tests.CAccountTests.EAccountTests" name="GetAccountById" time="0.222"/>
  <testcase classname="Tests.CAccountTests.EAccountTests" name="statusCodeGetAccountByIdInvalidToken" time="0.266"/>
  <testcase classname="Tests.CAccountTests.EAccountTests" name="statusCodeGetAccountByIdEmptyToken" time="0.102"/>
  <testcase classname="Tests.CAccountTests.EAccountTests" name="GetByAccountIdInvalid" time="0.207"/>
  <testcase classname="Tests.CAccountTests.EAccountTests" name="getCardsByAccountId" time="0.125"/>
  <testcase classname="Tests.CAccountTests.EAccountTests" name="getCardsByAccountIdInvalidToken" time="0.027"/>
  <testcase classname="Tests.CAccountTests.EAccountTests" name="getCardsByAccountIdEmptyToken" time="0.024"/>
  <testcase classname="Tests.CAccountTests.EAccountTests" name="getActivityByAccountId" time="1.193"/>
  <testcase classname="Tests.CAccountTests.EAccountTests" name="getActivityByInvalidAccountId" time="0.052"/>
  <testcase classname="Tests.CAccountTests.EAccountTests" name="getActivityByAccountIdInvalidToken" time="0.035"/>
  <testcase classname="Tests.CAccountTests.EAccountTests" name="getActivityByAccountIdEmptyToken" time="0.037"/>
  <testcase classname="Tests.CAccountTests.EAccountTests" name="getTransactionByIdAndAccountId" time="0.46">
    <failure type="java.lang.AssertionError" message="1 expectation failed.
Expected status code &amp;lt;200&amp;gt; but was &amp;lt;400&amp;gt;.
">
      <![CDATA[java.lang.AssertionError: 1 expectation failed.
Expected status code <200> but was <400>.

at org.codehaus.groovy.runtime.callsite.ConstructorSite$ConstructorSiteNoUnwrapNoCoerce.callConstructor(ConstructorSite.java:108)
at org.codehaus.groovy.runtime.callsite.CallSiteArray.defaultCallConstructor(CallSiteArray.java:58)
at org.codehaus.groovy.runtime.callsite.AbstractCallSite.callConstructor(AbstractCallSite.java:263)
at org.codehaus.groovy.runtime.callsite.AbstractCallSite.callConstructor(AbstractCallSite.java:277)
at io.restassured.internal.ResponseSpecificationImpl$HamcrestAssertionClosure.validate(ResponseSpecificationImpl.groovy:512)
at io.restassured.internal.ResponseSpecificationImpl$HamcrestAssertionClosure$validate$1.call(Unknown Source)
at io.restassured.internal.ResponseSpecificationImpl.validateResponseIfRequired(ResponseSpecificationImpl.groovy:696)
at io.restassured.internal.ResponseSpecificationImpl.this$2$validateResponseIfRequired(ResponseSpecificationImpl.groovy)
at org.codehaus.groovy.runtime.callsite.PlainObjectMetaMethodSite.doInvoke(PlainObjectMetaMethodSite.java:43)
at org.codehaus.groovy.runtime.callsite.PogoMetaMethodSite$PogoCachedMethodSiteNoUnwrapNoCoerce.invoke(PogoMetaMethodSite.java:198)
at org.codehaus.groovy.runtime.callsite.PogoMetaMethodSite.callCurrent(PogoMetaMethodSite.java:62)
at org.codehaus.groovy.runtime.callsite.AbstractCallSite.callCurrent(AbstractCallSite.java:185)
at io.restassured.internal.ResponseSpecificationImpl.statusCode(ResponseSpecificationImpl.groovy:135)
at io.restassured.specification.ResponseSpecification$statusCode$0.callCurrent(Unknown Source)
at io.restassured.internal.ResponseSpecificationImpl.statusCode(ResponseSpecificationImpl.groovy:143)
at io.restassured.internal.ValidatableResponseOptionsImpl.statusCode(ValidatableResponseOptionsImpl.java:89)
at Tests.CAccountTests.EAccountTests.getTransactionByIdAndAccountId(EAccountTests.java:227)
at java.base/java.util.ArrayList.forEach(ArrayList.java:1511)
... Removed 35 stack frames]]>
    </failure>
  </testcase> <!-- getTransactionByIdAndAccountId -->
  <testcase classname="Tests.CAccountTests.EAccountTests" name="getTransactionByInvalidIdAndAccountId" time="0.103">
    <failure type="java.lang.AssertionError" message="1 expectation failed.
Expected status code &amp;lt;500&amp;gt; but was &amp;lt;400&amp;gt;.
">
      <![CDATA[java.lang.AssertionError: 1 expectation failed.
Expected status code <500> but was <400>.

at org.codehaus.groovy.runtime.callsite.ConstructorSite$ConstructorSiteNoUnwrapNoCoerce.callConstructor(ConstructorSite.java:108)
at org.codehaus.groovy.runtime.callsite.AbstractCallSite.callConstructor(AbstractCallSite.java:277)
at io.restassured.internal.ResponseSpecificationImpl$HamcrestAssertionClosure.validate(ResponseSpecificationImpl.groovy:512)
at io.restassured.internal.ResponseSpecificationImpl$HamcrestAssertionClosure$validate$1.call(Unknown Source)
at io.restassured.internal.ResponseSpecificationImpl.validateResponseIfRequired(ResponseSpecificationImpl.groovy:696)
at io.restassured.internal.ResponseSpecificationImpl.this$2$validateResponseIfRequired(ResponseSpecificationImpl.groovy)
at org.codehaus.groovy.runtime.callsite.PlainObjectMetaMethodSite.doInvoke(PlainObjectMetaMethodSite.java:43)
at org.codehaus.groovy.runtime.callsite.PogoMetaMethodSite$PogoCachedMethodSiteNoUnwrapNoCoerce.invoke(PogoMetaMethodSite.java:198)
at org.codehaus.groovy.runtime.callsite.PogoMetaMethodSite.callCurrent(PogoMetaMethodSite.java:62)
at org.codehaus.groovy.runtime.callsite.AbstractCallSite.callCurrent(AbstractCallSite.java:185)
at io.restassured.internal.ResponseSpecificationImpl.statusCode(ResponseSpecificationImpl.groovy:135)
at io.restassured.specification.ResponseSpecification$statusCode$0.callCurrent(Unknown Source)
at io.restassured.internal.ResponseSpecificationImpl.statusCode(ResponseSpecificationImpl.groovy:143)
at io.restassured.internal.ValidatableResponseOptionsImpl.statusCode(ValidatableResponseOptionsImpl.java:89)
at Tests.CAccountTests.EAccountTests.getTransactionByInvalidIdAndAccountId(EAccountTests.java:241)
at java.base/java.util.ArrayList.forEach(ArrayList.java:1511)
... Removed 35 stack frames]]>
    </failure>
  </testcase> <!-- getTransactionByInvalidIdAndAccountId -->
  <testcase classname="Tests.CAccountTests.EAccountTests" name="getTransactionByIdAndAccountIdInvalidToken" time="0.04"/>
  <testcase classname="Tests.CAccountTests.EAccountTests" name="getTransactionByIdAndAccountIdEmptyToken" time="0.045"/>
  <testcase classname="Tests.CAccountTests.EAccountTests" name="editAliasInvalidAccount" time="0.211"/>
  <testcase classname="Tests.CAccountTests.EAccountTests" name="editEmptyAlias" time="0.16">
    <failure type="java.lang.AssertionError" message="1 expectation failed.
Expected status code &amp;lt;400&amp;gt; but was &amp;lt;200&amp;gt;.
">
      <![CDATA[java.lang.AssertionError: 1 expectation failed.
Expected status code <400> but was <200>.

at org.codehaus.groovy.runtime.callsite.ConstructorSite$ConstructorSiteNoUnwrapNoCoerce.callConstructor(ConstructorSite.java:108)
at org.codehaus.groovy.runtime.callsite.AbstractCallSite.callConstructor(AbstractCallSite.java:277)
at io.restassured.internal.ResponseSpecificationImpl$HamcrestAssertionClosure.validate(ResponseSpecificationImpl.groovy:512)
at io.restassured.internal.ResponseSpecificationImpl$HamcrestAssertionClosure$validate$1.call(Unknown Source)
at io.restassured.internal.ResponseSpecificationImpl.validateResponseIfRequired(ResponseSpecificationImpl.groovy:696)
at io.restassured.internal.ResponseSpecificationImpl.this$2$validateResponseIfRequired(ResponseSpecificationImpl.groovy)
at org.codehaus.groovy.runtime.callsite.PlainObjectMetaMethodSite.doInvoke(PlainObjectMetaMethodSite.java:43)
at org.codehaus.groovy.runtime.callsite.PogoMetaMethodSite$PogoCachedMethodSiteNoUnwrapNoCoerce.invoke(PogoMetaMethodSite.java:198)
at org.codehaus.groovy.runtime.callsite.PogoMetaMethodSite.callCurrent(PogoMetaMethodSite.java:62)
at org.codehaus.groovy.runtime.callsite.AbstractCallSite.callCurrent(AbstractCallSite.java:185)
at io.restassured.internal.ResponseSpecificationImpl.statusCode(ResponseSpecificationImpl.groovy:135)
at io.restassured.specification.ResponseSpecification$statusCode$0.callCurrent(Unknown Source)
at io.restassured.internal.ResponseSpecificationImpl.statusCode(ResponseSpecificationImpl.groovy:143)
at io.restassured.internal.ValidatableResponseOptionsImpl.statusCode(ValidatableResponseOptionsImpl.java:89)
at Tests.CAccountTests.EAccountTests.editEmptyAlias(EAccountTests.java:295)
at java.base/java.util.ArrayList.forEach(ArrayList.java:1511)
... Removed 35 stack frames]]>
    </failure>
  </testcase> <!-- editEmptyAlias -->
  <testcase classname="Tests.CAccountTests.EAccountTests" name="editEmptyAliasInvalidToken" time="0.04"/>
  <testcase classname="Tests.CAccountTests.EAccountTests" name="editEmptyAliasEmptyToken" time="0.142"/>
  <testcase classname="Tests.DTransactionsTests.DTransactionsTests" name="createTransferenceNullAmount" time="0.083"/>
  <testcase classname="Tests.DTransactionsTests.DTransactionsTests" name="createTransferenceNullDate" time="0.085">
    <failure type="java.lang.AssertionError" message="1 expectation failed.
Expected status code &amp;lt;400&amp;gt; but was &amp;lt;302&amp;gt;.
">
      <![CDATA[java.lang.AssertionError: 1 expectation failed.
Expected status code <400> but was <302>.

at org.codehaus.groovy.runtime.callsite.ConstructorSite$ConstructorSiteNoUnwrapNoCoerce.callConstructor(ConstructorSite.java:108)
at org.codehaus.groovy.runtime.callsite.AbstractCallSite.callConstructor(AbstractCallSite.java:277)
at io.restassured.internal.ResponseSpecificationImpl$HamcrestAssertionClosure.validate(ResponseSpecificationImpl.groovy:512)
at io.restassured.internal.ResponseSpecificationImpl$HamcrestAssertionClosure$validate$1.call(Unknown Source)
at io.restassured.internal.ResponseSpecificationImpl.validateResponseIfRequired(ResponseSpecificationImpl.groovy:696)
at io.restassured.internal.ResponseSpecificationImpl.this$2$validateResponseIfRequired(ResponseSpecificationImpl.groovy)
at org.codehaus.groovy.runtime.callsite.PlainObjectMetaMethodSite.doInvoke(PlainObjectMetaMethodSite.java:43)
at org.codehaus.groovy.runtime.callsite.PogoMetaMethodSite$PogoCachedMethodSiteNoUnwrapNoCoerce.invoke(PogoMetaMethodSite.java:198)
at org.codehaus.groovy.runtime.callsite.PogoMetaMethodSite.callCurrent(PogoMetaMethodSite.java:62)
at org.codehaus.groovy.runtime.callsite.AbstractCallSite.callCurrent(AbstractCallSite.java:185)
at io.restassured.internal.ResponseSpecificationImpl.statusCode(ResponseSpecificationImpl.groovy:135)
at io.restassured.specification.ResponseSpecification$statusCode$0.callCurrent(Unknown Source)
at io.restassured.internal.ResponseSpecificationImpl.statusCode(ResponseSpecificationImpl.groovy:143)
at io.restassured.internal.ValidatableResponseOptionsImpl.statusCode(ValidatableResponseOptionsImpl.java:89)
at Tests.DTransactionsTests.DTransactionsTests.createTransferenceNullDate(DTransactionsTests.java:444)
at java.base/java.util.ArrayList.forEach(ArrayList.java:1511)
... Removed 35 stack frames]]>
    </failure>
  </testcase> <!-- createTransferenceNullDate -->
  <testcase classname="Tests.DTransactionsTests.DTransactionsTests" name="createTransferenceNullDestinyAccount" time="0.054"/>
  <testcase classname="Tests.DTransactionsTests.DTransactionsTests" name="createTransferenceNullOriginCard" time="0.107">
    <failure type="java.lang.AssertionError" message="1 expectation failed.
Expected status code &amp;lt;400&amp;gt; but was &amp;lt;302&amp;gt;.
">
      <![CDATA[java.lang.AssertionError: 1 expectation failed.
Expected status code <400> but was <302>.

at org.codehaus.groovy.runtime.callsite.ConstructorSite$ConstructorSiteNoUnwrapNoCoerce.callConstructor(ConstructorSite.java:108)
at org.codehaus.groovy.runtime.callsite.AbstractCallSite.callConstructor(AbstractCallSite.java:277)
at io.restassured.internal.ResponseSpecificationImpl$HamcrestAssertionClosure.validate(ResponseSpecificationImpl.groovy:512)
at io.restassured.internal.ResponseSpecificationImpl$HamcrestAssertionClosure$validate$1.call(Unknown Source)
at io.restassured.internal.ResponseSpecificationImpl.validateResponseIfRequired(ResponseSpecificationImpl.groovy:696)
at io.restassured.internal.ResponseSpecificationImpl.this$2$validateResponseIfRequired(ResponseSpecificationImpl.groovy)
at org.codehaus.groovy.runtime.callsite.PlainObjectMetaMethodSite.doInvoke(PlainObjectMetaMethodSite.java:43)
at org.codehaus.groovy.runtime.callsite.PogoMetaMethodSite$PogoCachedMethodSiteNoUnwrapNoCoerce.invoke(PogoMetaMethodSite.java:198)
at org.codehaus.groovy.runtime.callsite.PogoMetaMethodSite.callCurrent(PogoMetaMethodSite.java:62)
at org.codehaus.groovy.runtime.callsite.AbstractCallSite.callCurrent(AbstractCallSite.java:185)
at io.restassured.internal.ResponseSpecificationImpl.statusCode(ResponseSpecificationImpl.groovy:135)
at io.restassured.specification.ResponseSpecification$statusCode$0.callCurrent(Unknown Source)
at io.restassured.internal.ResponseSpecificationImpl.statusCode(ResponseSpecificationImpl.groovy:143)
at io.restassured.internal.ValidatableResponseOptionsImpl.statusCode(ValidatableResponseOptionsImpl.java:89)
at Tests.DTransactionsTests.DTransactionsTests.createTransferenceNullOriginCard(DTransactionsTests.java:382)
at java.base/java.util.ArrayList.forEach(ArrayList.java:1511)
... Removed 35 stack frames]]>
    </failure>
  </testcase> <!-- createTransferenceNullOriginCard -->
  <testcase classname="Tests.DTransactionsTests.DTransactionsTests" name="createTransferenceNullValues" time="0.065"/>
  <testcase classname="Tests.DTransactionsTests.DTransactionsTests" name="createTransferenceResponse" time="0.059">
    <failure type="java.lang.AssertionError" message="1 expectation failed.
Expected status code &amp;lt;200&amp;gt; but was &amp;lt;400&amp;gt;.
">
      <![CDATA[java.lang.AssertionError: 1 expectation failed.
Expected status code <200> but was <400>.

at org.codehaus.groovy.runtime.callsite.ConstructorSite$ConstructorSiteNoUnwrapNoCoerce.callConstructor(ConstructorSite.java:108)
at org.codehaus.groovy.runtime.callsite.AbstractCallSite.callConstructor(AbstractCallSite.java:277)
at io.restassured.internal.ResponseSpecificationImpl$HamcrestAssertionClosure.validate(ResponseSpecificationImpl.groovy:512)
at io.restassured.internal.ResponseSpecificationImpl$HamcrestAssertionClosure$validate$1.call(Unknown Source)
at io.restassured.internal.ResponseSpecificationImpl.validateResponseIfRequired(ResponseSpecificationImpl.groovy:696)
at io.restassured.internal.ResponseSpecificationImpl.this$2$validateResponseIfRequired(ResponseSpecificationImpl.groovy)
at org.codehaus.groovy.runtime.callsite.PlainObjectMetaMethodSite.doInvoke(PlainObjectMetaMethodSite.java:43)
at org.codehaus.groovy.runtime.callsite.PogoMetaMethodSite$PogoCachedMethodSiteNoUnwrapNoCoerce.invoke(PogoMetaMethodSite.java:198)
at org.codehaus.groovy.runtime.callsite.PogoMetaMethodSite.callCurrent(PogoMetaMethodSite.java:62)
at org.codehaus.groovy.runtime.callsite.AbstractCallSite.callCurrent(AbstractCallSite.java:185)
at io.restassured.internal.ResponseSpecificationImpl.statusCode(ResponseSpecificationImpl.groovy:135)
at io.restassured.specification.ResponseSpecification$statusCode$0.callCurrent(Unknown Source)
at io.restassured.internal.ResponseSpecificationImpl.statusCode(ResponseSpecificationImpl.groovy:143)
at io.restassured.internal.ValidatableResponseOptionsImpl.statusCode(ValidatableResponseOptionsImpl.java:89)
at Tests.DTransactionsTests.DTransactionsTests.createTransferenceResponse(DTransactionsTests.java:466)
at java.base/java.util.ArrayList.forEach(ArrayList.java:1511)
... Removed 35 stack frames]]>
    </failure>
  </testcase> <!-- createTransferenceResponse -->
  <testcase classname="Tests.DTransactionsTests.DTransactionsTests" name="deleteTransactionByIdStatusCode" time="0.453">
    <failure type="java.lang.AssertionError" message="1 expectation failed.
Expected status code &amp;lt;204&amp;gt; but was &amp;lt;500&amp;gt;.
">
      <![CDATA[java.lang.AssertionError: 1 expectation failed.
Expected status code <204> but was <500>.

at org.codehaus.groovy.runtime.callsite.ConstructorSite$ConstructorSiteNoUnwrapNoCoerce.callConstructor(ConstructorSite.java:108)
at org.codehaus.groovy.runtime.callsite.AbstractCallSite.callConstructor(AbstractCallSite.java:277)
at io.restassured.internal.ResponseSpecificationImpl$HamcrestAssertionClosure.validate(ResponseSpecificationImpl.groovy:512)
at io.restassured.internal.ResponseSpecificationImpl$HamcrestAssertionClosure$validate$1.call(Unknown Source)
at io.restassured.internal.ResponseSpecificationImpl.validateResponseIfRequired(ResponseSpecificationImpl.groovy:696)
at io.restassured.internal.ResponseSpecificationImpl.this$2$validateResponseIfRequired(ResponseSpecificationImpl.groovy)
at org.codehaus.groovy.runtime.callsite.PlainObjectMetaMethodSite.doInvoke(PlainObjectMetaMethodSite.java:43)
at org.codehaus.groovy.runtime.callsite.PogoMetaMethodSite$PogoCachedMethodSiteNoUnwrapNoCoerce.invoke(PogoMetaMethodSite.java:198)
at org.codehaus.groovy.runtime.callsite.PogoMetaMethodSite.callCurrent(PogoMetaMethodSite.java:62)
at org.codehaus.groovy.runtime.callsite.AbstractCallSite.callCurrent(AbstractCallSite.java:185)
at io.restassured.internal.ResponseSpecificationImpl.statusCode(ResponseSpecificationImpl.groovy:135)
at io.restassured.specification.ResponseSpecification$statusCode$0.callCurrent(Unknown Source)
at io.restassured.internal.ResponseSpecificationImpl.statusCode(ResponseSpecificationImpl.groovy:143)
at io.restassured.internal.ValidatableResponseOptionsImpl.statusCode(ValidatableResponseOptionsImpl.java:89)
at Tests.DTransactionsTests.DTransactionsTests.deleteTransactionByIdStatusCode(DTransactionsTests.java:325)
at java.base/java.util.ArrayList.forEach(ArrayList.java:1511)
... Removed 35 stack frames]]>
    </failure>
  </testcase> <!-- deleteTransactionByIdStatusCode -->
  <testcase classname="Tests.DTransactionsTests.DTransactionsTests" name="getTransactionResponseNotEmpty" time="0.655"/>
  <testcase classname="Tests.DTransactionsTests.DTransactionsTests" name="getTransactionResponseNotNull" time="0.748"/>
  <testcase classname="Tests.DTransactionsTests.DTransactionsTests" name="getTransactionStatusCode" time="0.276"/>
  <testcase classname="Tests.DTransactionsTests.DTransactionsTests" name="getTransferenceOk" time="0.142"/>
  <testcase classname="Tests.DTransactionsTests.DTransactionsTests" name="getTransferenceResponseNotNullValues" time="0.121">
    <failure type="java.lang.RuntimeException" message="com.fasterxml.jackson.databind.exc.MismatchedInputException: Cannot deserialize value of type `Data.Factory.Transactions` from Array value (token `JsonToken.START_ARRAY`)
 at [Source: (String)&amp;quot;[{&amp;quot;id&amp;quot;:162,&amp;quot;accountOriginId&amp;quot;:2,&amp;quot;accountDestinyId&amp;quot;:120,&amp;quot;amount&amp;quot;:150.0,&amp;quot;date&amp;quot;:&amp;quot;2022-11-10T00:00:00.000+00:00&amp;quot;,&amp;quot;detail&amp;quot;:null,&amp;quot;type&amp;quot;:&amp;quot;D\u00e9bito&amp;quot;},{&amp;quot;id&amp;quot;:163,&amp;quot;accountOriginId&amp;quot;:2,&amp;quot;accountDestinyId&amp;quot;:120,&amp;quot;amount&amp;quot;:150.0,&amp;quot;date&amp;quot;:&amp;quot;2022-11-10T00:00:00.000+00:00&amp;quot;,&amp;quot;detail&amp;quot;:null,&amp;quot;type&amp;quot;:&amp;quot;D\u00e9bito&amp;quot;},{&amp;quot;id&amp;quot;:164,&amp;quot;accountOriginId&amp;quot;:120,&amp;quot;accountDestinyId&amp;quot;:2,&amp;quot;amount&amp;quot;:150.0,&amp;quot;date&amp;quot;:&amp;quot;2022-11-10T00:00:00.000+00:00&amp;quot;,&amp;quot;detail&amp;quot;:&amp;quot;Cuota&amp;quot;,&amp;quot;type&amp;quot;:null},{&amp;quot;id&amp;quot;:165,&amp;quot;accountOriginId&amp;quot;:120,&amp;quot;accountDestinyId&amp;quot;:2,&amp;quot;amount&amp;quot;:150.0,&amp;quot;date&amp;quot;:&amp;quot;&amp;quot;[truncated 733 chars]; line: 1, column: 1]">
      <![CDATA[java.lang.RuntimeException: com.fasterxml.jackson.databind.exc.MismatchedInputException: Cannot deserialize value of type `Data.Factory.Transactions` from Array value (token `JsonToken.START_ARRAY`)
 at [Source: (String)"[{"id":162,"accountOriginId":2,"accountDestinyId":120,"amount":150.0,"date":"2022-11-10T00:00:00.000+00:00","detail":null,"type":"D\u00e9bito"},{"id":163,"accountOriginId":2,"accountDestinyId":120,"amount":150.0,"date":"2022-11-10T00:00:00.000+00:00","detail":null,"type":"D\u00e9bito"},{"id":164,"accountOriginId":120,"accountDestinyId":2,"amount":150.0,"date":"2022-11-10T00:00:00.000+00:00","detail":"Cuota","type":null},{"id":165,"accountOriginId":120,"accountDestinyId":2,"amount":150.0,"date":""[truncated 733 chars]; line: 1, column: 1]
at io.restassured.internal.path.json.mapping.JsonPathJackson2ObjectDeserializer.deserialize(JsonPathJackson2ObjectDeserializer.java:30)
at io.restassured.internal.path.json.mapping.JsonObjectDeserializer.deserializeWithJackson2(JsonObjectDeserializer.java:93)
at io.restassured.internal.path.json.mapping.JsonObjectDeserializer.deserialize(JsonObjectDeserializer.java:53)
at io.restassured.path.json.JsonPath.jsonStringToObject(JsonPath.java:1093)
at io.restassured.path.json.JsonPath.getObject(JsonPath.java:560)
at Tests.DTransactionsTests.DTransactionsTests.getTransferenceResponseNotNullValues(DTransactionsTests.java:487)
at java.base/java.util.ArrayList.forEach(ArrayList.java:1511)
Caused by: com.fasterxml.jackson.databind.exc.MismatchedInputException: Cannot deserialize value of type `Data.Factory.Transactions` from Array value (token `JsonToken.START_ARRAY`)
 at [Source: (String)"[{"id":162,"accountOriginId":2,"accountDestinyId":120,"amount":150.0,"date":"2022-11-10T00:00:00.000+00:00","detail":null,"type":"D\u00e9bito"},{"id":163,"accountOriginId":2,"accountDestinyId":120,"amount":150.0,"date":"2022-11-10T00:00:00.000+00:00","detail":null,"type":"D\u00e9bito"},{"id":164,"accountOriginId":120,"accountDestinyId":2,"amount":150.0,"date":"2022-11-10T00:00:00.000+00:00","detail":"Cuota","type":null},{"id":165,"accountOriginId":120,"accountDestinyId":2,"amount":150.0,"date":""[truncated 733 chars]; line: 1, column: 1]
at com.fasterxml.jackson.databind.exc.MismatchedInputException.from(MismatchedInputException.java:59)
at com.fasterxml.jackson.databind.DeserializationContext.reportInputMismatch(DeserializationContext.java:1741)
at com.fasterxml.jackson.databind.DeserializationContext.handleUnexpectedToken(DeserializationContext.java:1515)
at com.fasterxml.jackson.databind.DeserializationContext.handleUnexpectedToken(DeserializationContext.java:1462)
at com.fasterxml.jackson.databind.deser.BeanDeserializer._deserializeFromArray(BeanDeserializer.java:648)
at com.fasterxml.jackson.databind.deser.BeanDeserializer._deserializeOther(BeanDeserializer.java:211)
at com.fasterxml.jackson.databind.deser.BeanDeserializer.deserialize(BeanDeserializer.java:187)
at com.fasterxml.jackson.databind.deser.DefaultDeserializationContext.readRootValue(DefaultDeserializationContext.java:323)
at com.fasterxml.jackson.databind.ObjectMapper._readMapAndClose(ObjectMapper.java:4674)
at com.fasterxml.jackson.databind.ObjectMapper.readValue(ObjectMapper.java:3629)
at io.restassured.internal.path.json.mapping.JsonPathJackson2ObjectDeserializer.deserialize(JsonPathJackson2ObjectDeserializer.java:28)
... 35 more
... Removed 29 stack frames]]>
    </failure>
  </testcase> <!-- getTransferenceResponseNotNullValues -->
  <testcase classname="Tests.DTransactionsTests.DTransactionsTests" name="postTransactionResponseNotEmpty" time="0.49"/>
  <testcase classname="Tests.DTransactionsTests.DTransactionsTests" name="postTransactionResponseNotNull" time="0.172"/>
  <testcase classname="Tests.DTransactionsTests.DTransactionsTests" name="postTransactionStatusCode" time="0.215"/>
  <testcase classname="Tests.DTransactionsTests.DTransactionsTests" name="postTransactionWithoutAccountOriginIdValue" time="0.078"/>
  <testcase classname="Tests.DTransactionsTests.DTransactionsTests" name="postTransactionWithoutAmountValue" time="0.134"/>
  <testcase classname="Tests.DTransactionsTests.DTransactionsTests" name="postTransactionWithoutDateValue" time="0.236"/>
  <testcase classname="Tests.DTransactionsTests.DTransactionsTests" name="postTransactionWithoutDetailValue" time="0.292"/>
  <testcase classname="Tests.DTransactionsTests.DTransactionsTests" name="postTransactionWithoutTypeValue" time="0.171"/>
  <testcase classname="Tests.DTransactionsTests.DTransactionsTests" name="postTransaction" time="0.958">
    <failure type="java.lang.AssertionError" message="1 expectation failed.
Expected status code &amp;lt;200&amp;gt; but was &amp;lt;400&amp;gt;.
">
      <![CDATA[java.lang.AssertionError: 1 expectation failed.
Expected status code <200> but was <400>.

at org.codehaus.groovy.runtime.callsite.ConstructorSite$ConstructorSiteNoUnwrapNoCoerce.callConstructor(ConstructorSite.java:108)
at org.codehaus.groovy.runtime.callsite.AbstractCallSite.callConstructor(AbstractCallSite.java:277)
at io.restassured.internal.ResponseSpecificationImpl$HamcrestAssertionClosure.validate(ResponseSpecificationImpl.groovy:512)
at io.restassured.internal.ResponseSpecificationImpl$HamcrestAssertionClosure$validate$1.call(Unknown Source)
at io.restassured.internal.ResponseSpecificationImpl.validateResponseIfRequired(ResponseSpecificationImpl.groovy:696)
at io.restassured.internal.ResponseSpecificationImpl.this$2$validateResponseIfRequired(ResponseSpecificationImpl.groovy)
at org.codehaus.groovy.runtime.callsite.PlainObjectMetaMethodSite.doInvoke(PlainObjectMetaMethodSite.java:43)
at org.codehaus.groovy.runtime.callsite.PogoMetaMethodSite$PogoCachedMethodSiteNoUnwrapNoCoerce.invoke(PogoMetaMethodSite.java:198)
at org.codehaus.groovy.runtime.callsite.PogoMetaMethodSite.callCurrent(PogoMetaMethodSite.java:62)
at org.codehaus.groovy.runtime.callsite.AbstractCallSite.callCurrent(AbstractCallSite.java:185)
at io.restassured.internal.ResponseSpecificationImpl.statusCode(ResponseSpecificationImpl.groovy:135)
at io.restassured.specification.ResponseSpecification$statusCode$0.callCurrent(Unknown Source)
at io.restassured.internal.ResponseSpecificationImpl.statusCode(ResponseSpecificationImpl.groovy:143)
at io.restassured.internal.ValidatableResponseOptionsImpl.statusCode(ValidatableResponseOptionsImpl.java:89)
at Tests.DTransactionsTests.DTransactionsTests.postTransaction(DTransactionsTests.java:69)
at java.base/java.util.ArrayList.forEach(ArrayList.java:1511)
... Removed 35 stack frames]]>
    </failure>
  </testcase> <!-- postTransaction -->
  <testcase classname="Tests.DTransactionsTests.DTransactionsTests" name="postTransactionWithoutAccountDestinyIdValue" time="0.009">
    <failure type="com.fasterxml.jackson.databind.JsonMappingException" message="Cannot invoke &amp;quot;java.lang.Integer.intValue()&amp;quot; because &amp;quot;this.accountDestinyId&amp;quot; is null (through reference chain: Data.Model.Transaction.TransactionRequest[&amp;quot;accountDestinyId&amp;quot;])">
      <![CDATA[com.fasterxml.jackson.databind.JsonMappingException: Cannot invoke "java.lang.Integer.intValue()" because "this.accountDestinyId" is null (through reference chain: Data.Model.Transaction.TransactionRequest["accountDestinyId"])
at com.fasterxml.jackson.databind.JsonMappingException.wrapWithPath(JsonMappingException.java:392)
at com.fasterxml.jackson.databind.JsonMappingException.wrapWithPath(JsonMappingException.java:351)
at com.fasterxml.jackson.databind.ser.std.StdSerializer.wrapAndThrow(StdSerializer.java:316)
at com.fasterxml.jackson.databind.ser.std.BeanSerializerBase.serializeFields(BeanSerializerBase.java:782)
at com.fasterxml.jackson.databind.ser.BeanSerializer.serialize(BeanSerializer.java:178)
at com.fasterxml.jackson.databind.ser.DefaultSerializerProvider._serialize(DefaultSerializerProvider.java:480)
at com.fasterxml.jackson.databind.ser.DefaultSerializerProvider.serializeValue(DefaultSerializerProvider.java:319)
at com.fasterxml.jackson.databind.ObjectMapper.writeValue(ObjectMapper.java:3160)
at com.fasterxml.jackson.databind.ObjectMapper$writeValue.call(Unknown Source)
at io.restassured.internal.mapping.Jackson2Mapper.serialize(Jackson2Mapper.groovy:53)
at io.restassured.internal.mapping.Jackson2Mapper.serialize(Jackson2Mapper.groovy)
at io.restassured.mapper.ObjectMapper$serialize.call(Unknown Source)
at io.restassured.internal.mapping.ObjectMapping.serializeWithJackson2(ObjectMapping.groovy:217)
at org.codehaus.groovy.runtime.callsite.StaticMetaMethodSite$StaticMetaMethodSiteNoUnwrapNoCoerce.invoke(StaticMetaMethodSite.java:153)
at org.codehaus.groovy.runtime.callsite.StaticMetaMethodSite.callStatic(StaticMetaMethodSite.java:102)
at org.codehaus.groovy.runtime.callsite.AbstractCallSite.callStatic(AbstractCallSite.java:240)
at io.restassured.internal.mapping.ObjectMapping.serialize(ObjectMapping.groovy:154)
at io.restassured.internal.mapping.ObjectMapping$serialize.call(Unknown Source)
at io.restassured.internal.RequestSpecificationImpl.body(RequestSpecificationImpl.groovy:756)
at Tests.DTransactionsTests.DTransactionsTests.postTransactionWithoutAccountDestinyIdValue(DTransactionsTests.java:80)
at java.base/java.util.ArrayList.forEach(ArrayList.java:1511)
Caused by: java.lang.NullPointerException: Cannot invoke "java.lang.Integer.intValue()" because "this.accountDestinyId" is null
at Data.Model.Transaction.TransactionRequest.getAccountDestinyId(TransactionRequest.java:56)
at com.fasterxml.jackson.databind.ser.BeanPropertyWriter.serializeAsField(BeanPropertyWriter.java:689)
at com.fasterxml.jackson.databind.ser.std.BeanSerializerBase.serializeFields(BeanSerializerBase.java:774)
... 49 more
... Removed 34 stack frames]]>
    </failure>
  </testcase> <!-- postTransactionWithoutAccountDestinyIdValue -->
</testsuite> <!-- Surefire test -->
