<?xml version="1.0" encoding="UTF-8"?>
<!-- Generated by org.testng.reporters.JUnitReportReporter -->
<testsuite hostname="MARU" failures="1" tests="29" name="Tests.BCardsTests.DCardTests" time="15.572" errors="0" timestamp="2022-12-13T09:13:56 ART" skipped="0">
  <testcase classname="Tests.BCardsTests.DCardTests" name="postCard" time="4.895"/>
  <system-out/>
  <testcase classname="Tests.BCardsTests.DCardTests" name="postCardWithEmptyToken" time="0.125"/>
  <system-out/>
  <testcase classname="Tests.BCardsTests.DCardTests" name="postCardWithInvalidToken" time="0.033"/>
  <system-out/>
  <testcase classname="Tests.BCardsTests.DCardTests" name="postCardWithEmptyCardNumber" time="0.317"/>
  <system-out/>
  <testcase classname="Tests.BCardsTests.DCardTests" name="postCardNullOwner" time="1.731"/>
  <system-out/>
  <testcase classname="Tests.BCardsTests.DCardTests" name="postCardNullExpirationDate" time="0.088"/>
  <system-out/>
  <testcase classname="Tests.BCardsTests.DCardTests" name="postCardNullSecurityNumber" time="0.088"/>
  <system-out/>
  <testcase classname="Tests.BCardsTests.DCardTests" name="headersOnGetAllCardsResponse" time="0.146"/>
  <system-out/>
  <testcase classname="Tests.BCardsTests.DCardTests" name="httpStatus200OnGetAllCards" time="0.191"/>
  <system-out/>
  <testcase classname="Tests.BCardsTests.DCardTests" name="contentTypeOnGetAllCardsResponse" time="0.228"/>
  <system-out/>
  <testcase classname="Tests.BCardsTests.DCardTests" name="fieldsNotEmptyGetAllCardsResponse" time="1.041"/>
  <system-out/>
  <testcase classname="Tests.BCardsTests.DCardTests" name="fieldsNotNullGetAllUsersResponse" time="0.776"/>
  <system-out/>
  <testcase classname="Tests.BCardsTests.DCardTests" name="httpStatus200OnGetCardById" time="0.105"/>
  <system-out/>
  <testcase classname="Tests.BCardsTests.DCardTests" name="contentTypeOnGetCardByIDResponse" time="0.077"/>
  <system-out/>
  <testcase classname="Tests.BCardsTests.DCardTests" name="fieldsNotEmptyGetCardByIDResponse" time="0.049"/>
  <system-out/>
  <testcase classname="Tests.BCardsTests.DCardTests" name="fieldsNotNullGetCardByIDResponse" time="0.048"/>
  <system-out/>
  <testcase classname="Tests.BCardsTests.DCardTests" name="putCardById" time="0.115"/>
  <system-out/>
  <testcase classname="Tests.BCardsTests.DCardTests" name="putCardWithoutAccountIdById" time="0.063"/>
  <system-out/>
  <testcase classname="Tests.BCardsTests.DCardTests" name="putCardWithoutTypeById" time="0.049"/>
  <system-out/>
  <testcase classname="Tests.BCardsTests.DCardTests" name="putCardWithEmptyValuesId" time="0.040"/>
  <system-out/>
  <testcase classname="Tests.BCardsTests.DCardTests" name="postCardWithNullValues" time="0.247"/>
  <system-out/>
  <testcase classname="Tests.BCardsTests.DCardTests" name="postCardWithoutTypeValue" time="0.085"/>
  <system-out/>
  <testcase classname="Tests.BCardsTests.DCardTests" name="postCardWithoutAccountIdValue" time="0.143"/>
  <system-out/>
  <testcase classname="Tests.BCardsTests.DCardTests" name="postCardWithTypeNullValue" time="0.207">
    <failure message="expected [true] but found [false]" type="java.lang.AssertionError">
      <![CDATA[java.lang.AssertionError: expected [true] but found [false]
at org.testng.Assert.fail(Assert.java:110)
at org.testng.Assert.failNotEquals(Assert.java:1413)
at org.testng.Assert.assertTrue(Assert.java:56)
at org.testng.Assert.assertTrue(Assert.java:66)
at Tests.BCardsTests.DCardTests.postCardWithTypeNullValue(DCardTests.java:437)
at java.base/jdk.internal.reflect.DirectMethodHandleAccessor.invoke(DirectMethodHandleAccessor.java:104)
at java.base/java.lang.reflect.Method.invoke(Method.java:577)
at org.testng.internal.invokers.MethodInvocationHelper.invokeMethod(MethodInvocationHelper.java:139)
at org.testng.internal.invokers.TestInvoker.invokeMethod(TestInvoker.java:677)
at org.testng.internal.invokers.TestInvoker.invokeTestMethod(TestInvoker.java:221)
at org.testng.internal.invokers.MethodRunner.runInSequence(MethodRunner.java:50)
at org.testng.internal.invokers.TestInvoker$MethodInvocationAgent.invoke(TestInvoker.java:962)
at org.testng.internal.invokers.TestInvoker.invokeTestMethods(TestInvoker.java:194)
at org.testng.internal.invokers.TestMethodWorker.invokeTestMethods(TestMethodWorker.java:148)
at org.testng.internal.invokers.TestMethodWorker.run(TestMethodWorker.java:128)
at java.base/java.util.ArrayList.forEach(ArrayList.java:1511)
at org.testng.TestRunner.privateRun(TestRunner.java:806)
at org.testng.TestRunner.run(TestRunner.java:601)
at org.testng.SuiteRunner.runTest(SuiteRunner.java:433)
at org.testng.SuiteRunner.runSequentially(SuiteRunner.java:427)
at org.testng.SuiteRunner.privateRun(SuiteRunner.java:387)
at org.testng.SuiteRunner.run(SuiteRunner.java:330)
at org.testng.SuiteRunnerWorker.runSuite(SuiteRunnerWorker.java:52)
at org.testng.SuiteRunnerWorker.run(SuiteRunnerWorker.java:95)
at org.testng.TestNG.runSuitesSequentially(TestNG.java:1256)
at org.testng.TestNG.runSuitesLocally(TestNG.java:1176)
at org.testng.TestNG.runSuites(TestNG.java:1099)
at org.testng.TestNG.run(TestNG.java:1067)
at org.apache.maven.surefire.testng.TestNGExecutor.run(TestNGExecutor.java:135)
at org.apache.maven.surefire.testng.TestNGDirectoryTestSuite.executeMulti(TestNGDirectoryTestSuite.java:193)
at org.apache.maven.surefire.testng.TestNGDirectoryTestSuite.execute(TestNGDirectoryTestSuite.java:94)
at org.apache.maven.surefire.testng.TestNGProvider.invoke(TestNGProvider.java:146)
at org.apache.maven.surefire.booter.ForkedBooter.invokeProviderInSameClassLoader(ForkedBooter.java:386)
at org.apache.maven.surefire.booter.ForkedBooter.runSuitesInProcess(ForkedBooter.java:323)
at org.apache.maven.surefire.booter.ForkedBooter.main(ForkedBooter.java:143)
]]>
    </failure>
  </testcase> <!-- postCardWithTypeNullValue -->
  <system-out/>
  <testcase classname="Tests.BCardsTests.DCardTests" name="deleteCardByID" time="0.902"/>
  <system-out/>
  <testcase classname="Tests.BCardsTests.DCardTests" name="postCardWithAccountIdNullValue" time="3.676"/>
  <system-out/>
  <testcase classname="Tests.BCardsTests.DCardTests" name="deleteCardByInvalidID" time="0.053"/>
  <system-out/>
  <testcase classname="Tests.BCardsTests.DCardTests" name="deleteCardByInvalidToken" time="0.029"/>
  <system-out/>
  <testcase classname="Tests.BCardsTests.DCardTests" name="deleteCardByEmptyToken" time="0.025"/>
  <system-out/>
</testsuite> <!-- Tests.BCardsTests.DCardTests -->
